Checking for deprecated package usage... OK
Checking for remote package usage... OK
Checking for 'LazyData: true' usage... OK
Checking version number... OK
Checking version number validity... OK
Checking R version dependency... OK
Checking package size... OK
Checking individual file sizes... OK
Checking biocViews... OK
Checking that biocViews are present... OK
Checking package type based on biocViews... OK
Checking for non-trivial biocViews... OK
Checking that biocViews come from the same category... OK
Checking biocViews validity... OK
Checking for recommended biocViews...
Consider adding these automatically suggested biocViews: Alignment, Classification
Checking build system compatibility... OK
Checking for proper Description: field... OK
Checking if DESCRIPTION is well formatted... OK
Checking for whitespace in DESCRIPTION field names... OK
Checking that Package field matches directory/tarball name... OK
Checking for Version: field... OK
Checking for valid maintainer... OK
Checking License: for restrictive use... OK
Checking for recommended DESCRIPTION fields... OK
Checking for Bioconductor software dependencies... OK
Checking for pinned package versions in DESCRIPTION... OK
Checking .Rbuildignore... OK
Checking for stray BiocCheck output folders... OK
Checking for inst/doc folders... OK
Checking vignette directory... OK
Checking package installation calls in R code... OK
Checking for library/require of DuplexDiscovereR... OK
Checking coding practice... OK
Checking parsed R code in R directory, examples, vignettes... OK
Checking function lengths...
The recommended function length is 50 lines or less. There are 17 functions greater than 50 lines.
The longest 5 functions are:
_anonymous_.302() (R/DuplexTrack.R): 307 lines
runDuplexDiscoverer() (R/runDuplexDiscoverer.R): 290 lines
writeGiToSAMfile() (R/writeGiToSAMfile.R): 160 lines
calculateLigationPvalues() (R/utils_annotation.R): 124 lines
clusterDuplexGroups() (R/clusterDuplexGroups.R): 119 lines
Checking man page documentation...
Usage of dontrun{} / donttest{} tags found in man page examples. 2% of man pages use at least one of these tags.
Found in files:
getRNAHybrids.Rd
Use donttest{} instead of dontrun{}.
Found in files:
getRNAHybrids.Rd
Checking package NEWS... OK
Checking unit tests... OK
Checking skip_on_bioc() in tests... OK
Checking formatting of DESCRIPTION, NAMESPACE, man pages, R source, and vignette source...
Consider shorter lines; 340 lines (7%) are > 80 characters long.
First few lines:
R/clusterDuplexGroups.R#L13 #' @param min_arm_ratio For graph creati ...
R/clusterDuplexGroups.R#L14 #' @param maxgap For graph creation only ...
R/clusterDuplexGroups.R#L15 #' @param minoverlap For graph creation  ...
R/clusterDuplexGroups.R#L16 #' Other optional arguments, which are n ...
R/clusterDuplexGroups.R#L18 #' @param graphdf Optional. Dataframe re ...
R/clusterDuplexGroups.R#L22 #' @param weight_column  Optional. If gr ...
R/clusterDuplexGroups.R#L23 #' @param fast_greedy  Optional. Run the ...
R/clusterDuplexGroups.R#L27 #' @param id_columns_grapdf Column in th ...
R/clusterDuplexGroups.R#L84                 stop(paste0("Undefined v ...
R/clusterDuplexGroups.R#L94     g <- igraph::graph_from_data_frame(g ...
R/clusterDuplexGroups.R#L96     g <- igraph::simplify(g, edge.attr.c ...
R/clusterDuplexGroups.R#L102         message("Whole-transciptome grap ...
R/collapseDuplexGroups.R#L4 #' Collapse each interaction in the inpu ...
R/collapseDuplexGroups.R#L10 #' @param keep_meta whether to keep meta ...
R/collapseDuplexGroups.R#L15 #' with start and end are set as min() a ...
R/collapseDuplexGroups.R#L16 #' The 'score' column is averaged across ...
R/collapseDuplexGroups.R#L21 #'   \item{return_unclustered == FALSE}{ ...
R/collapseDuplexGroups.R#L27 #'   \item{return_collapsed == FALSE}{In ...
R/collapseDuplexGroups.R#L29 #'   \item{return_collapsed == TRUE}{In  ...
R/collapseDuplexGroups.R#L42 #' gicollapsed <- collapse_duplex_groups ...
R/collapseDuplexGroups.R#L44 #' gimixed <- collapse_duplex_groups(RNA ...
R/collapseDuplexGroups.R#L73             message("Found temporary dup ...
R/datasets.R#L5 #' @source [SequenceReadArcive](https:// ...
R/datasets.R#L20 #' @source [SequenceReadArcive](https:// ...
R/datasets.R#L23 #' [bedpe](https://bedtools.readthedocs. ...
R/datasets.R#L36 #' `GInteractions` read-level object con ...
R/datasets.R#L38 #' @source [SequenceReadArcive](https:// ...
R/datasets.R#L57 #' `GInteractions` read-level object con ...
R/datasets.R#L59 #' @source [SequenceReadArcive](https:// ...
R/datasets.R#L80 #' @source [SequenceReadArcive](https:// ...
R/datasets.R#L93 #' - other columns with `.A` and `.B` an ...
R/datasets.R#L115 #' `Granges` containing coordinates of s ...
R/datasets.R#L133 #' @source [SequenceReadArcive](https:// ...
R/datasets.R#L145 #' @source [SequenceReadArcive](https:// ...
R/DuplexDiscovereR-package.R#L10 #' DuplexDiscovereR takes input in the f ...
R/DuplexDiscovereR-package.R#L11 #' It implements procedures for alignmen ...
R/DuplexDiscovereR-package.R#L30 #' @importFrom igraph graph_from_data_fr ...
R/DuplexDiscovererResults.R#L9 #'    Clustered reads are linked to the  ...
R/DuplexDiscovererResults.R#L10 #' - `reads_classes`: dataframe parallel ...
R/DuplexDiscovererResults.R#L11 #' - `chimeric_reads_stats`: dataframe c ...
R/DuplexDiscovererResults.R#L12 #' - `run_stats`: data frame containing  ...
R/DuplexDiscovererResults.R#L90     message("Use class accessors to retr ...
R/DuplexDiscovererResults.R#L95 #' Retrieves the value of the `duplex_gr ...
R/DuplexDiscovererResults.R#L122 setGeneric("dd_get_duplex_groups", funct ...
R/DuplexDiscovererResults.R#L126 setMethod("dd_get_duplex_groups", "Duple ...
R/DuplexDiscovererResults.R#L131 #' Retrieves the value of the `chimeric_ ...
R/DuplexDiscovererResults.R#L138 setGeneric("dd_get_chimeric_reads", func ...
R/DuplexDiscovererResults.R#L141 setMethod("dd_get_chimeric_reads", "Dupl ...
R/DuplexDiscovererResults.R#L145 #' Retrieves the value of the `reads_cla ...
R/DuplexDiscovererResults.R#L152 setGeneric("dd_get_reads_classes", funct ...
R/DuplexDiscovererResults.R#L156 setMethod("dd_get_reads_classes", "Duple ...
R/DuplexDiscovererResults.R#L160 #' Retrieves the value of the `chimeric_ ...
R/DuplexDiscovererResults.R#L167 setGeneric("dd_get_chimeric_reads_stats" ...
R/DuplexDiscovererResults.R#L171 setMethod("dd_get_chimeric_reads_stats", ...
R/DuplexDiscovererResults.R#L176 #' Retrieves the value of the `run_stats ...
R/DuplexDiscovererResults.R#L183 setGeneric("dd_get_run_stats", function( ...
R/DuplexDiscovererResults.R#L187 setMethod("dd_get_run_stats", "DuplexDis ...
R/DuplexTrack.R#L7 #' layout are accepted. Parent aesthetic ...
R/DuplexTrack.R#L17 #' @param from Integer start coordinate  ...
R/DuplexTrack.R#L18 #' @param to Integer end coordinate of s ...
R/DuplexTrack.R#L19 #' @param chromosome Chromosome of subse ...
R/DuplexTrack.R#L21 #' @param fill.column used for fill. Def ...
R/DuplexTrack.R#L25 #'   \item{arc.location}{Character in c( ...
R/DuplexTrack.R#L27 #'   \item{labels.v.offset.base}{Numeric ...
R/DuplexTrack.R#L29 #'   \item{labels.v.offset.trans}{Numeri ...
R/DuplexTrack.R#L34 #'   \item{labels.v.offset.cis}{Numeric. ...
R/DuplexTrack.R#L35 #'   \item{labels.h.offset.cis}{Numeric. ...
R/DuplexTrack.R#L37 #'   \item{label.cis.above}{Logical. Whe ...
R/DuplexTrack.R#L39 #'   \item{annotation.column1}{Character ...
R/DuplexTrack.R#L40 #'   \item{annotation.column2}{Character ...
R/DuplexTrack.R#L41 #'   \item{fill.column}{Character. Colum ...
R/DuplexTrack.R#L43 #'   \item{labels.align}{Character. Alig ...
R/DuplexTrack.R#L79 #' # add interactions which are not full ...
R/DuplexTrack.R#L81 #' # one left (A) interaction arm outsid ...
R/DuplexTrack.R#L146     if (is.null(list(...)$range) && is.n ...
R/DuplexTrack.R#L165         genome, stacking = "squish", nam ...
R/DuplexTrack.R#L179             stop("start, end, chromosome ...
R/DuplexTrack.R#L188         errorCondition(message("No overl ...
R/DuplexTrack.R#L235         chromosome <- if (length(range)  ...
R/DuplexTrack.R#L302 setMethod("drawGD", signature("DuplexTra ...
R/DuplexTrack.R#L308     ## In prepare mode we need to make s ...
R/DuplexTrack.R#L309     ## the StackedTrack drawGD method) a ...
R/DuplexTrack.R#L319     ## If there are too many stacks for  ...
R/DuplexTrack.R#L327     vec_both_present <- as.integer(names ...
R/DuplexTrack.R#L332     mcols(temp_info)$distance_gap <- ife ...
R/DuplexTrack.R#L339         vec_double_height <- c(vec_doubl ...
R/DuplexTrack.R#L350     height_formula <- sum(vec_double_hei ...
R/DuplexTrack.R#L351     yscale <- if (!Gviz:::.dpOrDefault(G ...
R/DuplexTrack.R#L353     pushViewport(dataViewport(xscale = x ...
R/DuplexTrack.R#L357     if (curVp$size["height"] / stacks <  ...
R/DuplexTrack.R#L358         stop("Too many stacks to draw. E ...
R/DuplexTrack.R#L367             saturation <- minSat + ((den ...
R/DuplexTrack.R#L370             desatCols <- unlist(lapply(s ...
R/DuplexTrack.R#L371             names(desatCols) <- paste(un ...
R/DuplexTrack.R#L384         val_text_height <- sum((vec_doub ...
R/DuplexTrack.R#L386         val_fin_bot <- height_formula -  ...
R/DuplexTrack.R#L390         # print(paste(paste("Bottom coor ...
R/DuplexTrack.R#L392     df_coord <- data.frame(row_plot_id = ...
R/DuplexTrack.R#L394     ## Now we can pre-compute all the co ...
R/DuplexTrack.R#L448         pair_colors_vector <- vapply(sub ...
R/DuplexTrack.R#L478         stop("Cannot plot provided regio ...
R/DuplexTrack.R#L479         Suggestion: try to convert input ...
R/DuplexTrack.R#L517             arc_h_list[["arc_center_x"]] ...
R/DuplexTrack.R#L531         tmp_box2 <- as_tibble(tmp_box) % ...
R/DuplexTrack.R#L533             annotation.column1 <- Gviz:: ...
R/DuplexTrack.R#L534             annotation.column2 <- Gviz:: ...
R/DuplexTrack.R#L536             annotation.column1 <- Gviz:: ...
R/DuplexTrack.R#L537             annotation.column2 <- Gviz:: ...
R/DuplexTrack.R#L539         tmp_box2 <- tmp_box2[c("id", "te ...
R/DuplexTrack.R#L553                 cislabels <- left_join(t ...
R/DuplexTrack.R#L558                 grid.text(cislabels$txt2 ...
R/DuplexTrack.R#L568                 translabels$joined_lab < ...
R/DuplexTrack.R#L594         restCols <- setdiff(colnames(box ...
R/DuplexTrack.R#L660 #' Non-exported from Gviz, contains logi ...
R/DuplexTrack.R#L672                     col = as.character(b ...
R/getRNAHybrids.R#L16 #'     "AGCUAGCGAUAGCUAGCAUCGUAGCAUCGAUC ...
R/getRNAHybrids.R#L34 #' anchor1 <- GRanges(seqnames = chrom,  ...
R/getRNAHybrids.R#L35 #' anchor2 <- GRanges(seqnames = chrom,  ...
R/getRNAHybrids.R#L45         message("RNAduplex from ViennaRN ...
R/getRNAHybrids.R#L48         message("Calling  RNAduplex from ...
R/getRNAHybrids.R#L54         stop("Calling hybrids: Seqnames  ...
R/runDuplexDiscoverer.R#L14 #' - Classifies 2arm duplexes into spuri ...
R/runDuplexDiscoverer.R#L22 #' @param data dataframe-like object wit ...
R/runDuplexDiscoverer.R#L23 #' c("chromA","startA",'endA',"chromB",' ...
R/runDuplexDiscoverer.R#L25 #' @param table_type one in c("STAR","be ...
R/runDuplexDiscoverer.R#L28 #' @param anno_gr \pkg{GRanges} object t ...
R/runDuplexDiscoverer.R#L29 #' The c('gene_id','gene_name','gene_typ ...
R/runDuplexDiscoverer.R#L30 #' @param fafile path to the genome .fas ...
R/runDuplexDiscoverer.R#L31 #' @param df_counts A two- column datafr ...
R/runDuplexDiscoverer.R#L32 #' @param sample_name A name of the samp ...
R/runDuplexDiscoverer.R#L33 #' @param lib_type one in c('SE','PE').  ...
R/runDuplexDiscoverer.R#L34 #' @param max_sj_shift Maximum shift bet ...
R/runDuplexDiscoverer.R#L35 #' @param min_junction_len a minimum all ...
R/runDuplexDiscoverer.R#L36 #' Reads with the junction closer than \ ...
R/runDuplexDiscoverer.R#L37 #' @param max_gap Parameter for read clu ...
R/runDuplexDiscoverer.R#L38 #' If the shift is longer than \code{max ...
R/runDuplexDiscoverer.R#L39 #' @param min_overlap Parameter for read ...
R/runDuplexDiscoverer.R#L41 #' If the overlap-to-span ratio for eith ...
R/runDuplexDiscoverer.R#L42 #' @param collapse_n_inter  Parameter fo ...
R/runDuplexDiscoverer.R#L43 #' Increasing this from i.e 0 to 5 reduc ...
R/runDuplexDiscoverer.R#L44 #' @param gap_collapse_similar  Paramete ...
R/runDuplexDiscoverer.R#L45 #' Reduce this to 1 or 2 to lower RAM us ...
R/runDuplexDiscoverer.R#L48 #'   \item{`duplex_groups`}{ `GInteracti ...
R/runDuplexDiscoverer.R#L49 #'   \item{`chimeric_reads`}{ `GInteract ...
R/runDuplexDiscoverer.R#L50 #'   \item{`reads_classes`}{ `tbl_df` da ...
R/runDuplexDiscoverer.R#L51 #'   \item{`chimeric_reads_stats`}{ `tbl ...
R/runDuplexDiscoverer.R#L52 #'   \item{`run_stats`}{ `tbl_df` datafr ...
R/runDuplexDiscoverer.R#L125     # 2.2 convert to GInteractions and m ...
R/runDuplexDiscoverer.R#L136         big_gi <- getChimericJunctionTyp ...
R/runDuplexDiscoverer.R#L161     # 2.3 keep only chimeric reads with  ...
R/runDuplexDiscoverer.R#L222     gi_fast <- clusterDuplexGroups(gi, g ...
R/runDuplexDiscoverer.R#L224     # add dg_id for duplexes which are a ...
R/runDuplexDiscoverer.R#L254     gi_2arm_full$was_clustered <- ifelse ...
R/runDuplexDiscoverer.R#L267         not_annotated <- sum(as.integer( ...
R/runDuplexDiscoverer.R#L268         not_annotated_full <- sum(as.int ...
R/runDuplexDiscoverer.R#L271         message("N duplex groups with at ...
R/runDuplexDiscoverer.R#L272         message("N duplex groups with at ...
R/utils_annotation.R#L8 #' @param save_ambig in case RNA duplex  ...
R/utils_annotation.R#L18 #' then `<keyname1>.A`, `<keyname1>.B` a ...
R/utils_annotation.R#L51             dplyr::summarise(ambig_list  ...
R/utils_annotation.R#L79             relocate(ambig.A, ambig.B, a ...
R/utils_annotation.R#L81         dt <- dt %>% dplyr::select(-c(am ...
R/utils_annotation.R#L95 #' If the values are are equal, then ann ...
R/utils_annotation.R#L98 #' @param gi `GInteractions` object cont ...
R/utils_annotation.R#L121         message("Could not do cis/trans  ...
R/utils_annotation.R#L137     df_all_cts <- as_tibble(data.frame(" ...
R/utils_annotation.R#L160 #' Uses BH correction, outputs duplex ab ...
R/utils_annotation.R#L161 #' count, and counts of other RNA duplex ...
R/utils_annotation.R#L174 #' H0: RNA duplex not existing and repor ...
R/utils_annotation.R#L184 #'     2 \cdot P(a) \cdot P(b) & \textno ...
R/utils_annotation.R#L185 #'     P(a) \cdot P(b) & \textnormal{if  ...
R/utils_annotation.R#L201 #' gi <- calculateLigationPvalues(RNADup ...
R/utils_annotation.R#L205     df_all_cts <- as_tibble(data.frame(" ...
R/utils_annotation.R#L218     # filter not annotated chimeras and  ...
R/utils_annotation.R#L257             dplyr::filter((A == row["A"] ...
R/utils_annotation.R#L263             dplyr::filter((A == row["B"] ...
R/utils_annotation.R#L269             dplyr::filter((A != row["B"] ...
R/utils_annotation.R#L330     returncode <- system2("RNAduplex", a ...
R/utils_classification.R#L4 #' Wraps two procedures for different ty ...
R/utils_classification.R#L6 #'   \item{overlap type}{test if chimeri ...
R/utils_classification.R#L59 #' Takes `GInteractions` object and clas ...
R/utils_classification.R#L62 #'   \item{2arm_short}{ normal chimeric  ...
R/utils_classification.R#L88     gi$same_strand <- as.integer(gi@regi ...
R/utils_classification.R#L156 #' @param sj_tolerance_strict maximum sh ...
R/utils_classification.R#L157 #' sites irrespective of the particular  ...
R/utils_classification.R#L175     gi$same_strand <- as.integer(gi@regi ...
R/utils_classification.R#L176     slct <- tibble(x1 = gi$intra == TRUE ...
R/utils_classification.R#L188     SjHits <- findOverlaps(gr_chim, sj_g ...
R/utils_classification.R#L209     gr_chim_start <- GRanges(IRanges(sta ...
R/utils_classification.R#L212     gr_chim_end <- GRanges(IRanges(start ...
R/utils_clustering.R#L1 #' Helper function to add ids to the dup ...
R/utils_clustering.R#L4 #' Check if there are a temporary duplex ...
R/utils_clustering.R#L5 #' does not have assigned any \code{dg_i ...
R/utils_clustering.R#L7 #' Meant to be used in the situations wh ...
R/utils_clustering.R#L8 #' global clustering has not identified  ...
R/utils_clustering.R#L9 #' This function looks up for these case ...
R/utils_clustering.R#L10 #' New \code{dg_id} values are unique an ...
R/utils_clustering.R#L11 #' @param gi_input \pkg{GInteractions} w ...
R/utils_clustering.R#L13 #' \pkg{GInteractions} object with new \ ...
R/utils_clustering.R#L27         # max_dg_id = max(gi_input$dg_id ...
R/utils_clustering.R#L37         # message(" Changing ",n_add, "r ...
R/utils_clustering.R#L46 #' Function calls clustering algorithm s ...
R/utils_clustering.R#L58 #' The number of reads under single 'dup ...
R/utils_clustering.R#L60 #' @param read_stats_df `tibble` with th ...
R/utils_clustering.R#L61 #'  'read_id' refers to the unique read, ...
R/utils_clustering.R#L62 #'  identical reads i.e two identical re ...
R/utils_clustering.R#L87         ovl_df <- computeGISelfOverlaps( ...
R/utils_clustering.R#L90             "Connectivity of the duplex  ...
R/utils_clustering.R#L98         gi_clustered <- clusterDuplexGro ...
R/utils_clustering.R#L107         orig_mcols <- as_tibble(data.fra ...
R/utils_clustering.R#L118         new_collapsed_stats <- left_join ...
R/utils_clustering.R#L120                 new_duplex_id = ifelse(! ...
R/utils_clustering.R#L124             stop("After collapsing: Inde ...
R/utils_clustering.R#L127         new_original_stats <- left_join( ...
R/utils_clustering.R#L130                 new_duplex_id = ifelse(i ...
R/utils_clustering.R#L137             mutate(duplex_id = if_else(i ...
R/utils_clustering.R#L167 #' Two entries (reads) are considered id ...
R/utils_clustering.R#L178 #' 'read_id' column used as the index in ...
R/utils_clustering.R#L181 #'' stats_df': tibble with the mapping o ...
R/utils_clustering.R#L196         message("Input type is not Stric ...
R/utils_clustering.R#L197         message("Expected columns: chrom ...
R/utils_clustering.R#L204         message("Created 'read_id' colum ...
R/utils_clustering.R#L229     readcts <- tibble("num" = (names(rea ...
R/utils_clustering.R#L240     read2duplex_map <- left_join(read2du ...
R/utils_clustering.R#L253     message("Duplicated   :  ", round((1 ...
R/utils_clustering.R#L292 computeGISelfOverlaps <- function(gi, id ...
R/utils_clustering.R#L306     fo <- findOverlaps(gi, ignore.strand ...
R/utils_comparisons.R#L4 #' Then compares every input entry with  ...
R/utils_comparisons.R#L7 #' @param gi_samples_list anmes list wit ...
R/utils_comparisons.R#L8 #' @param min_ratio If the overlap-to-sp ...
R/utils_comparisons.R#L9 #' of chimeric reads is less than \code{ ...
R/utils_comparisons.R#L11 #' @param minoverlap Parameter for read  ...
R/utils_comparisons.R#L12 #' @param maxgap Parameter for read clus ...
R/utils_comparisons.R#L13 #' If the shift is longer than \code{max ...
R/utils_comparisons.R#L14 #' @param gi_superset Optional. Superset ...
R/utils_comparisons.R#L15 #' @param niter Internal parameter for d ...
R/utils_comparisons.R#L27 #' anchor1 <- GRanges(seqnames = chrom,  ...
R/utils_comparisons.R#L28 #' anchor2 <- GRanges(seqnames = chrom,  ...
R/utils_comparisons.R#L118         second <- assign_name_to_gi(gi_s ...
R/utils_general.R#L10             "brkpt_acceptorB", "strand_a ...
R/utils_general.R#L13             "non_chim_aln_score", "this_ ...
R/utils_general.R#L17             "brkpt_acceptorB", "strand_a ...
R/utils_general.R#L38             "numeric", "numeric", "chara ...
R/utils_general.R#L83 #' Following columns are looked up in in ...
R/utils_general.R#L85 #' `GInteractions(mode='strict')` is enf ...
R/utils_general.R#L168         stop("Cannot extract chimeric ju ...
R/utils_general.R#L193     gi_collapsed <- GInteractions(gi@reg ...
R/utils_general.R#L216 #' Creates the 'long' `GRanges` by stack ...
R/utils_general.R#L243     gi_collapsed <- GInteractions(gi@reg ...
R/utils_general.R#L255     gi_collapsed <- GInteractions(gi@reg ...
R/utils_preproc.R#L16 #'  - For the 'old' chimeric detection s ...
R/utils_preproc.R#L57         message("Detected input type gen ...
R/utils_preproc.R#L64             message("Detected input type ...
R/utils_preproc.R#L69                 message("Detected input  ...
R/utils_preproc.R#L75                 message("Specified forma ...
R/utils_preproc.R#L76                 message("Will guess and  ...
R/utils_preproc.R#L97         #   message("Extra columns are f ...
R/utils_preproc.R#L106             status <- data.frame(Before  ...
R/utils_preproc.R#L107             message(paste(status$Before, ...
R/utils_preproc.R#L117                 df_tmp[seq_len(n_col_che ...
R/utils_preproc.R#L126             df[seq_len(n_col_check)] <-  ...
R/utils_preproc.R#L128                 rename_with(~expected_na ...
R/utils_preproc.R#L129             status <- data.frame(Before  ...
R/utils_preproc.R#L130             message(paste(status$Before, ...
R/utils_preproc.R#L135             stats <- ifelse(actual_types ...
R/utils_preproc.R#L139                 actual_names[seq_len(n_c ...
R/utils_preproc.R#L144             message("Expected name :\t t ...
R/utils_preproc.R#L145             stop("\nColumn names, types, ...
R/utils_preproc.R#L157 #'   \item{multigap}{ more than one junc ...
R/utils_preproc.R#L158 #'   \item{bad junction}{ Artifacts. I.e ...
R/utils_preproc.R#L162 #' @param keep_all_columns - TRUE or FAL ...
R/utils_preproc.R#L207             endA = startA + GenomicAlign ...
R/utils_preproc.R#L208             endB = startB + GenomicAlign ...
R/utils_preproc.R#L215                     (abs(startA - endB)  ...
R/utils_preproc.R#L238 #'   \item{multigap}{ more than one junc ...
R/utils_preproc.R#L239 #'   \item{bad junction}{ Artifacts. I.e ...
R/utils_preproc.R#L243 #' @param keep_all_columns - TRUE or FAL ...
R/utils_preproc.R#L348 #' @param keep_all_columns keeep columns ...
R/utils_preproc.R#L365                 (abs(startA - endB) <= 3 ...
R/utils_preproc.R#L375         message("no alignment score colu ...
R/utils_preproc.R#L391 #' @param keep_all_columns keep columns  ...
R/utils_preproc.R#L404         message("no alignment score colu ...
R/utils_preproc.R#L418                 (abs(startA - endB) <= 3 ...
R/utils_preproc.R#L434 #' Imports dataframe with reads (*.bedpe ...
R/utils_preproc.R#L440 #' For the *.bedpe* or `GInteractions` i ...
R/utils_preproc.R#L450 #'   \item{multigap}{ more than one junc ...
R/utils_preproc.R#L455 #' @param data Either dataframe-like obj ...
R/utils_preproc.R#L456 #' *.bedpe* - formatted or `GInteraction ...
R/utils_preproc.R#L459 #' @param table_type in \code{c("STAR"," ...
R/utils_preproc.R#L469 #' preproc_reads <- runDuplexDiscoPrepro ...
R/utils_preproc.R#L483         df <- preproc_generic_gi(gi_raw  ...
R/utils_preproc.R#L489                 stop("Input type of tabl ...
R/utils_preproc.R#L494                 Chimeric.out.Junction or ...
R/utils_preproc.R#L501                     df <- preproc_chim_j ...
R/utils_preproc.R#L504                     df <- preproc_chim_j ...
R/utils_preproc.R#L510             stop("cannot determine input ...
R/utils_preproc.R#L514     # Add number of reads per record (sh ...
R/utils_preproc.R#L535         dplyr::relocate(c(chromA, startA ...
R/utils_preproc.R#L537         df <- df %>% dplyr::select(c(chr ...
R/writeGiToSAMfile.R#L53 #' duplex groups/reads, which will be re ...
R/writeGiToSAMfile.R#L54 #' Junction will be output as N- gap. Fo ...
R/writeGiToSAMfile.R#L58 #' @param id_column character name of th ...
R/writeGiToSAMfile.R#L60 #' @param genome character. Genome versi ...
R/writeGiToSAMfile.R#L104         stop('id column: "', id_column,  ...
R/writeGiToSAMfile.R#L120         stop("To output in sam file, seq ...
R/writeGiToSAMfile.R#L134     mcols(temp_gi_coords)$artCIGAR1 <- p ...
R/writeGiToSAMfile.R#L135     mcols(temp_gi_coords)$artCIGAR2 <- p ...
R/writeGiToSAMfile.R#L149     cis_inter_large_dist <- cis_inter[mc ...
R/writeGiToSAMfile.R#L150     cis_inter <- cis_inter[mcols(cis_int ...
R/writeGiToSAMfile.R#L154         mcols(cis_inter)$artCIGAR <- pas ...
R/writeGiToSAMfile.R#L163         mcols(cis_inter)$tag <- paste(pa ...
R/writeGiToSAMfile.R#L165             paste("MR:Z:", paste(cis_int ...
R/writeGiToSAMfile.R#L184     mcols(trans_inter)$col1read1 <- past ...
R/writeGiToSAMfile.R#L185     mcols(trans_inter)$col1read2 <- past ...
R/writeGiToSAMfile.R#L192     mcols(trans_inter)$tag <- paste(past ...
R/writeGiToSAMfile.R#L224     header_chr_sizes <- c(header_chr_siz ...
R/writeGiToSAMfile.R#L225     rg_tags <- paste0("@RG\tID:", sample ...
R/writeGiToSAMfile.R#L241     write.table(cis_inter_tibble, file_o ...
R/writeGiToSAMfile.R#L242     write.table(tibble_read1, file_out,  ...
R/writeGiToSAMfile.R#L243     write.table(tibble_read2, file_out,  ...
vignettes/DuplexDiscovereR.Rmd#L5     affiliation: Max Delbrück Center for ...
vignettes/DuplexDiscovereR.Rmd#L9     DuplexDiscovereR implements methods  ...
vignettes/DuplexDiscovereR.Rmd#L104 RNA duplex data is known to be sparse, w ...
vignettes/DuplexDiscovereR.Rmd#L128         [bedtools](https://bedtools.read ...
vignettes/DuplexDiscovereR.Rmd#L133 -   Pre-processing of the input. This st ...
vignettes/DuplexDiscovereR.Rmd#L192 system.file("extdata", "scripts", "DD_da ...
vignettes/DuplexDiscovereR.Rmd#L211 The `result` is a `DuplexDiscovererResul ...
vignettes/DuplexDiscovereR.Rmd#L220 of the detected RNA duplex. Metadata fie ...
vignettes/DuplexDiscovereR.Rmd#L243 To track each input alignment one can qu ...
vignettes/DuplexDiscovereR.Rmd#L257 classified as true chimeric and how many ...
vignettes/DuplexDiscovereR.Rmd#L297 writeGiToSAMfile(gi_clusters, file_out = ...
vignettes/DuplexDiscovereR.Rmd#L374 anchor1 <- GRanges(seqnames = chrom, ran ...
vignettes/DuplexDiscovereR.Rmd#L375 anchor2 <- GRanges(seqnames = chrom, ran ...
vignettes/DuplexDiscovereR.Rmd#L432 information. We can visualize the inters ...
vignettes/DuplexDiscovereR.Rmd#L563 can select all reads overlapping with th ...
vignettes/DuplexDiscovereR.Rmd#L565 alignment arms, coordinates of coordinat ...
vignettes/DuplexDiscovereR.Rmd#L616 To demonstrate such a modification, we w ...
vignettes/DuplexDiscovereR.Rmd#L617 using the following procedure, second, m ...
vignettes/DuplexDiscovereR.Rmd#L642 We will use the sum of the overlap ratio ...
vignettes/DuplexDiscovereR.Rmd#L656 gi_clust_adj <- clusterDuplexGroups(gi_u ...
Checking if package already exists in CRAN... OK
Checking for bioc-devel mailing list subscription...
Cannot determine whether maintainer is subscribed to the Bioc-Devel mailing list (requires admin credentials). Subscribe here: https://stat.ethz.ch/mailman/listinfo/bioc-devel
Checking for support site registration... OK
